<?xml version="1.0" encoding="UTF-8"?>
<!-- Generated by org.testng.reporters.JUnitXMLReporter -->
<testsuite ignored="0" hostname="DESKTOP-D1NGH9K" failures="0" tests="8" name="Default test" time="0.117" errors="0" timestamp="2021-10-18T12:17:27 IST">
  <testcase classname="calculator.StringCalculatorShould" name="empty_string_should_return_0" time="0.011"/>
  <testcase classname="calculator.StringCalculatorShould" name="ignoreNumbersGreaterThan1000" time="0.001"/>
  <testcase classname="calculator.StringCalculatorShould" name="multipleDelimiterReturnSum" time="0.001"/>
  <testcase classname="calculator.StringCalculatorShould" name="negativeInputReturnsException" time="0.003"/>
  <testcase classname="calculator.StringCalculatorShould" name="string_with_single_number_should_return_number_as_int" time="0.003"/>
  <testcase classname="calculator.StringCalculatorShould" name="threeNumbersDelimitedBothWayReturnSum" time="0.003"/>
  <testcase classname="calculator.StringCalculatorShould" name="twoNumbersCommaDelimitedReturnSum" time="0.002"/>
  <testcase classname="calculator.StringCalculatorShould" name="twoNumbersNewLineDelimitedReturnSum" time="0.001"/>
</testsuite> <!-- Default test -->
